\BOOKMARK [1][-]{section.1}{Introduction \046 main goals}{}% 1
\BOOKMARK [2][-]{subsection.1.1}{Main technologies}{section.1}% 2
\BOOKMARK [3][-]{subsubsection.1.1.1}{Survival Analysis}{subsection.1.1}% 3
\BOOKMARK [3][-]{subsubsection.1.1.2}{Apache Spark}{subsection.1.1}% 4
\BOOKMARK [3][-]{subsubsection.1.1.3}{Apache SystemML}{subsection.1.1}% 5
\BOOKMARK [2][-]{subsection.1.2}{The Stackexchange data}{section.1}% 6
\BOOKMARK [3][-]{subsubsection.1.2.1}{Scifi community}{subsection.1.2}% 7
\BOOKMARK [3][-]{subsubsection.1.2.2}{Votes.xml}{subsection.1.2}% 8
\BOOKMARK [3][-]{subsubsection.1.2.3}{Tags.xml}{subsection.1.2}% 9
\BOOKMARK [3][-]{subsubsection.1.2.4}{Users.xml}{subsection.1.2}% 10
\BOOKMARK [3][-]{subsubsection.1.2.5}{PostLinks.xml}{subsection.1.2}% 11
\BOOKMARK [3][-]{subsubsection.1.2.6}{Posts.xml}{subsection.1.2}% 12
\BOOKMARK [3][-]{subsubsection.1.2.7}{PostHistory.xml}{subsection.1.2}% 13
\BOOKMARK [3][-]{subsubsection.1.2.8}{Comments.xml}{subsection.1.2}% 14
\BOOKMARK [3][-]{subsubsection.1.2.9}{Badges.xml}{subsection.1.2}% 15
\BOOKMARK [2][-]{subsection.1.3}{Main Objectives}{section.1}% 16
\BOOKMARK [1][-]{section.2}{Technologies}{}% 17
\BOOKMARK [2][-]{subsection.2.1}{Apache Spark}{section.2}% 18
\BOOKMARK [3][-]{subsubsection.2.1.1}{Apache Spark Data Structure}{subsection.2.1}% 19
\BOOKMARK [3][-]{subsubsection.2.1.2}{Apache Spark Structure}{subsection.2.1}% 20
\BOOKMARK [3][-]{subsubsection.2.1.3}{Spark Streaming}{subsection.2.1}% 21
\BOOKMARK [3][-]{subsubsection.2.1.4}{Apache Spark workflow}{subsection.2.1}% 22
\BOOKMARK [2][-]{subsection.2.2}{Apache SystemML}{section.2}% 23
\BOOKMARK [3][-]{subsubsection.2.2.1}{SystemML Structure}{subsection.2.2}% 24
\BOOKMARK [2][-]{subsection.2.3}{Reproducible research with Python, Scala and Jupyter}{section.2}% 25
\BOOKMARK [3][-]{subsubsection.2.3.1}{Environment setup}{subsection.2.3}% 26
